TN:
SF:contracts/AdjusterOperations.sol
FN:33,AdjusterOperations.addApprover
FNDA:9021,AdjusterOperations.addApprover
DA:34,8021
BRDA:34,0,0,1
BRDA:34,0,1,8020
DA:35,1
DA:38,8020
BRDA:38,1,0,1
BRDA:38,1,1,8019
DA:39,1
DA:41,8019
FN:44,AdjusterOperations.removeApprover
FNDA:2000,AdjusterOperations.removeApprover
DA:45,1000
FN:48,AdjusterOperations.setInsuranceAdjuster
FNDA:8057,AdjusterOperations.setInsuranceAdjuster
DA:52,7057
BRDA:52,2,0,1000
BRDA:52,2,1,6057
DA:53,1000
DA:56,6057
BRDA:56,3,0,2000
BRDA:56,3,1,4057
DA:57,2000
DA:60,4057
DA:61,4057
DA:64,4057
BRDA:64,4,0,2057
BRDA:64,4,1,2000
DA:66,2057
DA:67,2000
BRDA:67,5,0,1484
BRDA:67,5,1,2000
DA:69,1484
DA:71,4057
FN:74,AdjusterOperations.isAdjuster
FNDA:31009,AdjusterOperations.isAdjuster
DA:75,31009
FN:78,AdjusterOperations.isInitialized
FNDA:25008,AdjusterOperations.isInitialized
DA:79,25008
DA:80,25008
DA:81,22005
FNF:5
FNH:5
LF:21
LH:21
BRF:12
BRH:12
end_of_record
TN:
SF:contracts/InsuranceCoverageNFT.sol
FN:57,InsuranceCoverageNFT.mint
FNDA:13003,InsuranceCoverageNFT.mint
DA:62,12003
DA:63,12003
BRDA:63,0,0,1000
BRDA:63,0,1,11003
DA:64,1000
DA:67,11003
BRDA:66,1,0,1000
BRDA:66,1,1,10003
DA:69,1000
DA:74,10003
DA:75,10003
DA:77,10003
DA:78,10003
DA:79,10003
DA:80,10003
DA:88,10003
DA:96,10003
FN:99,InsuranceCoverageNFT.burn
FNDA:3000,InsuranceCoverageNFT.burn
DA:100,2000
DA:102,2000
DA:103,2000
DA:105,2000
FN:108,InsuranceCoverageNFT.extendCoverage
FNDA:7000,InsuranceCoverageNFT.extendCoverage
DA:112,6000
DA:115,6000
BRDA:115,2,0,2000
BRDA:115,2,1,4000
DA:116,2000
DA:119,4000
DA:122,4000
DA:123,3000
BRDA:121,3,0,2000
BRDA:121,3,1,2000
DA:125,2000
DA:129,2000
DA:130,2000
DA:132,2000
FN:141,InsuranceCoverageNFT.supportsInterface
FNDA:1003,InsuranceCoverageNFT.supportsInterface
DA:149,1003
FNF:4
FNH:4
LF:28
LH:28
BRF:8
BRH:8
end_of_record
TN:
SF:contracts/InsuranceManager.sol
FN:89,InsuranceManager.submitApplication
FNDA:15003,InsuranceManager.submitApplication
DA:98,14003
BRDA:98,0,0,1000
BRDA:98,0,1,13003
DA:99,1000
DA:101,13003
BRDA:101,1,0,1000
BRDA:101,1,1,12003
DA:102,1000
DA:104,12003
DA:105,12003
DA:106,12003
DA:118,12003
DA:119,12003
DA:120,12003
FN:123,InsuranceManager.reviewApplication
FNDA:11003,InsuranceManager.reviewApplication
DA:128,11003
BRDA:128,2,0,1000
BRDA:128,2,1,10003
DA:129,1000
DA:131,10003
DA:133,10003
DA:134,9003
DA:135,8003
BRDA:132,3,0,3000
BRDA:132,3,1,7003
DA:137,3000
DA:139,7003
BRDA:139,4,0,-
BRDA:139,4,1,4003
DA:140,4003
DA:143,4003
DA:144,3000
BRDA:144,5,0,3000
BRDA:144,5,1,3000
DA:145,3000
DA:148,7003
DA:149,7003
DA:150,7003
DA:152,7003
FN:155,InsuranceManager.activatePolicy
FNDA:4003,InsuranceManager.activatePolicy
DA:156,4003
DA:157,4003
BRDA:157,6,0,1000
BRDA:157,6,1,3003
DA:158,1000
DA:160,3003
BRDA:160,7,0,1000
BRDA:160,7,1,2003
DA:161,1000
DA:164,2003
DA:169,2003
DA:174,2003
DA:175,2003
DA:176,2003
DA:178,2003
FN:181,InsuranceManager.extendCoverage
FNDA:1000,InsuranceManager.extendCoverage
DA:182,1000
DA:183,1000
FN:189,InsuranceManager.claimPolicy
FNDA:4,InsuranceManager.claimPolicy
DA:190,4
DA:191,4
BRDA:191,8,0,1
BRDA:191,8,1,3
DA:192,1
DA:194,3
BRDA:194,9,0,1
BRDA:194,9,1,2
DA:195,1
DA:197,2
DA:198,2
DA:200,2
FNF:5
FNH:5
LF:47
LH:47
BRF:20
BRH:19
end_of_record
TN:
SF:contracts/YieldManager.sol
FN:30,YieldManager.deposit
FNDA:4000,YieldManager.deposit
DA:31,3000
DA:32,3000
FN:36,YieldManager.withdraw
FNDA:2000,YieldManager.withdraw
DA:40,2000
FN:44,YieldManager.getAvailableBalance
FNDA:2000,YieldManager.getAvailableBalance
DA:45,2000
FN:48,YieldManager.getATokenAddress
FNDA:1,YieldManager.getATokenAddress
DA:51,1
DA:54,1
DA:55,1
FNF:4
FNH:4
LF:7
LH:7
BRF:0
BRH:0
end_of_record
TN:
SF:contracts/libraries/RiskManager.sol
FN:11,RiskManager.calculatePremium
FNDA:0,RiskManager.calculatePremium
DA:16,0
DA:18,0
DA:20,0
DA:22,0
DA:24,0
FN:27,RiskManager.calculateDuration
FNDA:0,RiskManager.calculateDuration
DA:31,0
FNF:2
FNH:0
LF:6
LH:0
BRF:0
BRH:0
end_of_record
TN:
SF:contracts/mocks/MockPool.sol
FN:26,MockPool.deposit
FNDA:3000,MockPool.deposit
DA:32,3000
DA:33,3000
DA:35,3000
FN:38,MockPool.withdraw
FNDA:2000,MockPool.withdraw
DA:43,2000
BRDA:43,0,0,-
BRDA:43,0,1,2000
DA:44,2000
DA:45,2000
DA:46,2000
DA:47,2000
FN:50,MockPool.getReserveData
FNDA:7,MockPool.getReserveData
DA:53,7
FNF:3
FNH:3
LF:9
LH:9
BRF:2
BRH:1
end_of_record
TN:
SF:contracts/mocks/SampleERC20.sol
FN:9,SampleERC20.mint
FNDA:9003,SampleERC20.mint
DA:10,9003
FN:13,SampleERC20.burn
FNDA:2000,SampleERC20.burn
DA:14,2000
FNF:2
FNH:2
LF:2
LH:2
BRF:0
BRH:0
end_of_record
TN:
SF:script/DeployAdjusterOperations.s.sol
FN:15,DeployAdjusterOperations.run
FNDA:32,DeployAdjusterOperations.run
DA:16,32
DA:17,32
DA:18,32
DA:19,32
FN:22,DeployAdjusterOperations.setConstructorArgs
FNDA:32,DeployAdjusterOperations.setConstructorArgs
DA:25,32
FNF:2
FNH:2
LF:5
LH:5
BRF:0
BRH:0
end_of_record
TN:
SF:script/DeployInsuranceCoverageNFT.s.sol
FN:15,DeployInsuranceCoverageNFT.run
FNDA:15,DeployInsuranceCoverageNFT.run
DA:16,15
DA:17,15
DA:18,15
DA:19,15
FN:22,DeployInsuranceCoverageNFT.setConstructorArgs
FNDA:15,DeployInsuranceCoverageNFT.setConstructorArgs
DA:25,15
FNF:2
FNH:2
LF:5
LH:5
BRF:0
BRH:0
end_of_record
TN:
SF:script/DeployInsuranceManager.s.sol
FN:16,DeployInsuranceManager.run
FNDA:18,DeployInsuranceManager.run
DA:17,18
DA:18,18
DA:22,18
DA:23,18
FN:26,DeployInsuranceManager.setConstructorArgs
FNDA:18,DeployInsuranceManager.setConstructorArgs
DA:27,18
FNF:2
FNH:2
LF:5
LH:5
BRF:0
BRH:0
end_of_record
TN:
SF:script/DeployYieldManager.s.sol
FN:17,DeployYieldManager.run
FNDA:6,DeployYieldManager.run
DA:18,6
DA:19,6
DA:24,6
DA:25,6
FN:28,DeployYieldManager.setConstructorArgs
FNDA:6,DeployYieldManager.setConstructorArgs
DA:29,6
FNF:2
FNH:2
LF:5
LH:5
BRF:0
BRH:0
end_of_record
TN:
SF:test/helpers/CustomTest.t.sol
FN:7,CustomTest.getCounterAndIncrement
FNDA:0,CustomTest.getCounterAndIncrement
DA:8,0
DA:9,0
DA:10,0
FNF:1
FNH:0
LF:3
LH:0
BRF:0
BRH:0
end_of_record
